nohup: ignoring input
INFO:     Started server process [22452]
INFO:     Waiting for application startup.
INFO:     Application startup complete.
INFO:     Uvicorn running on http://0.0.0.0:8000 (Press CTRL+C to quit)
Route: /openapi.json openapi
Route: /docs swagger_ui_html
Route: /docs/oauth2-redirect swagger_ui_redirect
Route: /redoc redoc_html
Route: / root
Route: /items get_items
Route: /analyze analyze
Route: /analyze/consumer analyze_consumer
Route: /dashboard dashboard
데이터 로드 중: cleaned_merged_export_trends.csv
성장 매트릭스 계산 중...
데이터 로딩 및 요약 완료.
소비자 데이터 로드 중: amz_insight_data.csv
소비자 데이터 로드 완료.
INFO:     127.0.0.1:58135 - "GET / HTTP/1.1" 200 OK
INFO:     127.0.0.1:58136 - "GET /analyze/consumer?item_name=Gochujang HTTP/1.1" 200 OK
